<?xml version="1.0" encoding="UTF-8"?>
<!-- Generated by org.testng.reporters.JUnitReportReporter -->
<testsuite hostname="DESKTOP-D2FAL3B" failures="0" tests="5" name="SFDC.com.LoginTest" time="23.532" errors="0" timestamp="17 Sep 2022 19:55:56 GMT" skipped="0">
  <testcase classname="SFDC.com.LoginTest" name="getUrl" time="0.742"/>
  <testcase classname="SFDC.com.LoginTest" name="login" time="3.700"/>
  <testcase classname="SFDC.com.LoginTest" name="title" time="9.445"/>
  <testcase classname="SFDC.com.LoginTest" name="checkRememberme" time="8.321"/>
  <testcase classname="SFDC.com.LoginTest" name="forgot_password" time="1.324"/>
</testsuite> <!-- SFDC.com.LoginTest -->
