<?xml version="1.0" encoding="UTF-8"?>
<!-- Generated by org.testng.reporters.JUnitReportReporter -->
<testsuite hostname="DESKTOP-D2FAL3B" failures="0" tests="4" name="SFDC.com.LoginTest" time="18.334" errors="0" timestamp="28 Aug 2022 23:00:15 GMT" skipped="0">
  <testcase classname="SFDC.com.LoginTest" name="getUrl" time="1.048"/>
  <testcase classname="SFDC.com.LoginTest" name="login" time="3.526"/>
  <testcase classname="SFDC.com.LoginTest" name="title" time="6.824"/>
  <testcase classname="SFDC.com.LoginTest" name="checkRememberme" time="6.936"/>
</testsuite> <!-- SFDC.com.LoginTest -->
