<?xml version="1.0" encoding="UTF-8"?>
<!-- Generated by org.testng.reporters.JUnitReportReporter -->
<testsuite hostname="DESKTOP-D2FAL3B" failures="0" tests="1" name="SFDC.com.UserMenuDropdownTest" time="19.610" errors="0" timestamp="12 Sep 2022 14:46:50 GMT" skipped="0">
  <testcase classname="SFDC.com.UserMenuDropdownTest" name="UserMenuVerification" time="19.610"/>
</testsuite> <!-- SFDC.com.UserMenuDropdownTest -->
