<?xml version="1.0" encoding="UTF-8"?>
<!-- Generated by org.testng.reporters.JUnitReportReporter -->
<testsuite hostname="DESKTOP-D2FAL3B" failures="0" tests="2" name="test.LoginTest" time="2.234" errors="0" timestamp="18 Aug 2022 21:43:59 GMT" skipped="0">
  <testcase classname="test.LoginTest" name="login" time="1.435"/>
  <testcase classname="test.LoginTest" name="getUrl" time="0.799"/>
</testsuite> <!-- test.LoginTest -->
