<?xml version="1.0" encoding="UTF-8"?>
<!-- Generated by org.testng.reporters.JUnitReportReporter -->
<testsuite hostname="DESKTOP-D2FAL3B" failures="0" tests="4" name="SFDC.com.LoginTest" time="20.005" errors="0" timestamp="23 Aug 2022 19:03:40 GMT" skipped="0">
  <testcase classname="SFDC.com.LoginTest" name="getUrl" time="0.884"/>
  <testcase classname="SFDC.com.LoginTest" name="login" time="4.497"/>
  <testcase classname="SFDC.com.LoginTest" name="title" time="6.479"/>
  <testcase classname="SFDC.com.LoginTest" name="checkRememberme" time="8.145"/>
</testsuite> <!-- SFDC.com.LoginTest -->
