<?xml version="1.0" encoding="UTF-8"?>
<!-- Generated by org.testng.reporters.JUnitReportReporter -->
<testsuite hostname="DESKTOP-D2FAL3B" failures="0" tests="4" name="SFDC.com.LoginTest" time="17.317" errors="0" timestamp="28 Aug 2022 23:03:44 GMT" skipped="0">
  <testcase classname="SFDC.com.LoginTest" name="getUrl" time="0.862"/>
  <testcase classname="SFDC.com.LoginTest" name="login" time="3.867"/>
  <testcase classname="SFDC.com.LoginTest" name="title" time="5.540"/>
  <testcase classname="SFDC.com.LoginTest" name="checkRememberme" time="7.048"/>
</testsuite> <!-- SFDC.com.LoginTest -->
